{"@t":"2023-04-12T18:30:23.4642337Z","@mt":"Seq {SeqVersion} running on OS {OSCaption}","SeqVersion":"2023.1.9133","OSCaption":"Linux 5.10.102.1-microsoft-standard-WSL2 #1 SMP Wed Mar 2 00:30:59 UTC 2022","SourceContext":"Seq.Server.Features.Diagnostics.EnvironmentInformationWriter"}
{"@t":"2023-04-12T18:30:23.5148542Z","@mt":"Seq detected {TotalRAM} MB of RAM","TotalRAM":13179.5968,"SourceContext":"Seq.Server.Features.Diagnostics.EnvironmentInformationWriter"}
{"@t":"2023-04-12T18:30:23.8686167Z","@mt":"Opening event store at {StreamPath}","StreamPath":"/data/Stream/stream.flare","SourceContext":"Seq.Engine.Cluster.StorageNodeCoordinator"}
{"@t":"2023-04-12T18:30:23.9061399Z","@mt":"Ingestion enabled","SourceContext":"Seq.Engine.Cluster.StorageNodeCoordinator"}
{"@t":"2023-04-12T18:30:23.9265131Z","@mt":"Opening metastore {MetastorePath}","MetastorePath":"/data/Documents/metastore.flare","SourceContext":"Quince.Storage.Native.NativeDocumentStore"}
{"@t":"2023-04-12T18:30:23.9705649Z","@mt":"Initializing a new metastore","SourceContext":"Quince.Storage.Native.NativeDocumentStore"}
{"@t":"2023-04-12T18:30:24.1372546Z","@mt":"Creating default workspace for {UserId}","UserId":"user-admin"}
{"@t":"2023-04-12T18:30:24.2256487Z","@mt":"Storage subsystem available"}
{"@t":"2023-04-12T18:30:24.2831247Z","@mt":"Seq listening on {ListenUris}","ListenUris":["http://localhost/","https://localhost/","http://localhost:5341/","https://localhost:45341/"]}
{"@t":"2023-04-12T18:31:24.3307652Z","@mt":"{CollectionCount} more generation 2 garbage collection(s) occurred","CollectionCount":0,"SourceContext":"Seq.Server.Features.Diagnostics.GCLogger"}
{"@t":"2023-04-12T18:35:24.3249638Z","@mt":"Metrics sampled","SystemMemoryUtilization":0.09261811711872703,"ProcessWorkingSetBytes":152596480,"ProcessCpuPercentage":0,"GCTotalHeapSizeBytes":0,"GCTotalFragmentedBytes":0,"GCPauseTimePercentage":0,"ProcessThreads":31,"ArrivedEventsPerMinute":0,"IngestedEventsPerMinute":0,"IngestedBytesPerMinute":0,"InvalidPayloadsPerMinute":0,"UnauthorizedPayloadsPerMinute":0,"TotalWriteTimeLastMinute":0,"BroadcastQueueCount":0,"BroadcastSubscriptionQueuesAggregateCount":0}
{"@t":"2023-04-12T18:40:24.3211847Z","@mt":"Metrics sampled","SystemMemoryUtilization":0.10160783795753148,"ProcessWorkingSetBytes":212553728,"ProcessCpuPercentage":1.2366886892066145,"GCTotalHeapSizeBytes":0,"GCTotalFragmentedBytes":0,"GCPauseTimePercentage":0,"ProcessThreads":31,"ArrivedEventsPerMinute":27,"IngestedEventsPerMinute":27,"IngestedBytesPerMinute":9023,"InvalidPayloadsPerMinute":0,"UnauthorizedPayloadsPerMinute":0,"TotalWriteTimeLastMinute":8,"BroadcastQueueCount":0,"BroadcastSubscriptionQueuesAggregateCount":0}
{"@t":"2023-04-12T18:40:24.3242034Z","@mt":"Applying {Count} retention policies","Count":0,"SourceContext":"Seq.Server.Features.Retention.RetentionPolicyApplier"}
{"@t":"2023-04-12T18:40:24.3271211Z","@mt":"Retention processing and compaction took {Elapsed} ms; allocating {Allocation} ms for indexing","Elapsed":3.7222,"Allocation":599996.2778}
{"@t":"2023-04-12T18:40:24.3280604Z","@mt":"Beginning indexing","SourceContext":"Seq.Server.Features.Indexing.EventStoreIndexer"}
{"@t":"2023-04-12T18:40:24.3395745Z","@mt":"Wrote {IndexSetCount} index sets in {Elapsed:0.000} ms","@r":["11.000"],"IndexSetCount":0,"Elapsed":11,"SourceContext":"Seq.Server.Features.Indexing.EventStoreIndexer"}
{"@t":"2023-04-12T18:40:24.3401222Z","@mt":"Indexing took {Elapsed} ms; total iteration time was {Iteration} ms","Elapsed":12,"Iteration":16.0762}
{"@t":"2023-04-12T18:45:24.3229943Z","@mt":"Metrics sampled","SystemMemoryUtilization":0.10364440162539723,"ProcessWorkingSetBytes":220581888,"ProcessCpuPercentage":0.2699986074371824,"GCTotalHeapSizeBytes":0,"GCTotalFragmentedBytes":0,"GCPauseTimePercentage":0,"ProcessThreads":29,"ArrivedEventsPerMinute":0,"IngestedEventsPerMinute":0,"IngestedBytesPerMinute":0,"InvalidPayloadsPerMinute":0,"UnauthorizedPayloadsPerMinute":0,"TotalWriteTimeLastMinute":0,"BroadcastQueueCount":0,"BroadcastSubscriptionQueuesAggregateCount":0}
{"@t":"2023-04-12T18:50:24.3200680Z","@mt":"Applying {Count} retention policies","Count":0,"SourceContext":"Seq.Server.Features.Retention.RetentionPolicyApplier"}
{"@t":"2023-04-12T18:50:24.3222095Z","@mt":"Retention processing and compaction took {Elapsed} ms; allocating {Allocation} ms for indexing","Elapsed":2.1906,"Allocation":599997.8094}
{"@t":"2023-04-12T18:50:24.3229339Z","@mt":"Beginning indexing","SourceContext":"Seq.Server.Features.Indexing.EventStoreIndexer"}
{"@t":"2023-04-12T18:50:24.3270069Z","@mt":"Metrics sampled","SystemMemoryUtilization":0.10347036291732381,"ProcessWorkingSetBytes":220618752,"ProcessCpuPercentage":0.07999900414573005,"GCTotalHeapSizeBytes":0,"GCTotalFragmentedBytes":0,"GCPauseTimePercentage":0,"ProcessThreads":29,"ArrivedEventsPerMinute":0,"IngestedEventsPerMinute":0,"IngestedBytesPerMinute":0,"InvalidPayloadsPerMinute":0,"UnauthorizedPayloadsPerMinute":0,"TotalWriteTimeLastMinute":0,"BroadcastQueueCount":0,"BroadcastSubscriptionQueuesAggregateCount":0}
{"@t":"2023-04-12T18:50:24.3296342Z","@mt":"Wrote {IndexSetCount} index sets in {Elapsed:0.000} ms","@r":["5.000"],"IndexSetCount":0,"Elapsed":5,"SourceContext":"Seq.Server.Features.Indexing.EventStoreIndexer"}
{"@t":"2023-04-12T18:50:24.3302102Z","@mt":"Indexing took {Elapsed} ms; total iteration time was {Iteration} ms","Elapsed":7,"Iteration":9.4679}
